<?xml version="1.0" encoding="UTF-8"?>
<testng-results skipped="0" failed="0" total="1" passed="1">
  <reporter-output>
  </reporter-output>
  <suite name="Surefire suite" duration-ms="15" started-at="2017-02-01T16:08:14Z" finished-at="2017-02-01T16:08:14Z">
    <groups>
    </groups>
    <test name="Surefire test" duration-ms="15" started-at="2017-02-01T16:08:14Z" finished-at="2017-02-01T16:08:14Z">
      <class name="Test1_test">
        <test-method status="PASS" signature="t()[pri:0, instance:Test1_test@5f150435]" name="t" duration-ms="6" started-at="2017-02-01T18:08:14Z" finished-at="2017-02-01T18:08:14Z">
          <reporter-output>
          </reporter-output>
        </test-method> <!-- t -->
      </class> <!-- Test1_test -->
    </test> <!-- Surefire test -->
  </suite> <!-- Surefire suite -->
</testng-results>
